error[E0277]: the trait bound `NotZerocopy: TryFromBytes` is not satisfied
  --> tests/ui-stable/derive_transparent.rs:34:23
   |
34 | util_assert_impl_all!(TransparentStruct<NotZerocopy>: TryFromBytes);
   |                       ^^^^^^^^^^^^^^^^^^^^^^^^^^^^^^ the trait `TryFromBytes` is not implemented for `NotZerocopy`
   |
   = help: the following other types implement trait `TryFromBytes`:
             bool
             char
             isize
             i8
             i16
             i32
             i64
             i128
           and $N others
note: required for `TransparentStruct<NotZerocopy>` to implement `TryFromBytes`
  --> tests/ui-stable/derive_transparent.rs:24:21
   |
24 | #[derive(IntoBytes, FromBytes, Unaligned)]
   |                     ^^^^^^^^^ unsatisfied trait bound introduced in this `derive` macro
note: required by a bound in `_::{closure#0}::_::{closure#0}::assert_impl_all`
  --> tests/ui-stable/derive_transparent.rs:34:1
   |
34 | util_assert_impl_all!(TransparentStruct<NotZerocopy>: TryFromBytes);
   | ^^^^^^^^^^^^^^^^^^^^^^^^^^^^^^^^^^^^^^^^^^^^^^^^^^^^^^^^^^^^^^^^^^^ required by this bound in `assert_impl_all`
   = note: this error originates in the derive macro `FromBytes` which comes from the expansion of the macro `util_assert_impl_all` (in Nightly builds, run with -Z macro-backtrace for more info)

error[E0277]: the trait bound `NotZerocopy: FromZeros` is not satisfied
  --> tests/ui-stable/derive_transparent.rs:35:23
   |
35 | util_assert_impl_all!(TransparentStruct<NotZerocopy>: FromZeros);
   |                       ^^^^^^^^^^^^^^^^^^^^^^^^^^^^^^ the trait `FromZeros` is not implemented for `NotZerocopy`
   |
   = help: the following other types implement trait `FromZeros`:
             bool
             char
             isize
             i8
             i16
             i32
             i64
             i128
           and $N others
note: required for `TransparentStruct<NotZerocopy>` to implement `FromZeros`
  --> tests/ui-stable/derive_transparent.rs:24:21
   |
24 | #[derive(IntoBytes, FromBytes, Unaligned)]
   |                     ^^^^^^^^^ unsatisfied trait bound introduced in this `derive` macro
note: required by a bound in `_::{closure#0}::_::{closure#0}::assert_impl_all`
  --> tests/ui-stable/derive_transparent.rs:35:1
   |
35 | util_assert_impl_all!(TransparentStruct<NotZerocopy>: FromZeros);
   | ^^^^^^^^^^^^^^^^^^^^^^^^^^^^^^^^^^^^^^^^^^^^^^^^^^^^^^^^^^^^^^^^ required by this bound in `assert_impl_all`
   = note: this error originates in the derive macro `FromBytes` which comes from the expansion of the macro `util_assert_impl_all` (in Nightly builds, run with -Z macro-backtrace for more info)

error[E0277]: the trait bound `NotZerocopy: zerocopy::FromBytes` is not satisfied
  --> tests/ui-stable/derive_transparent.rs:36:23
   |
36 | util_assert_impl_all!(TransparentStruct<NotZerocopy>: FromBytes);
   |                       ^^^^^^^^^^^^^^^^^^^^^^^^^^^^^^ the trait `zerocopy::FromBytes` is not implemented for `NotZerocopy`
   |
   = help: the following other types implement trait `zerocopy::FromBytes`:
             isize
             i8
             i16
             i32
             i64
             i128
             usize
             u8
           and $N others
note: required for `TransparentStruct<NotZerocopy>` to implement `zerocopy::FromBytes`
  --> tests/ui-stable/derive_transparent.rs:24:21
   |
24 | #[derive(IntoBytes, FromBytes, Unaligned)]
   |                     ^^^^^^^^^ unsatisfied trait bound introduced in this `derive` macro
note: required by a bound in `_::{closure#0}::_::{closure#0}::assert_impl_all`
  --> tests/ui-stable/derive_transparent.rs:36:1
   |
36 | util_assert_impl_all!(TransparentStruct<NotZerocopy>: FromBytes);
   | ^^^^^^^^^^^^^^^^^^^^^^^^^^^^^^^^^^^^^^^^^^^^^^^^^^^^^^^^^^^^^^^^ required by this bound in `assert_impl_all`
   = note: this error originates in the derive macro `FromBytes` which comes from the expansion of the macro `util_assert_impl_all` (in Nightly builds, run with -Z macro-backtrace for more info)

error[E0277]: the trait bound `NotZerocopy: zerocopy::IntoBytes` is not satisfied
  --> tests/ui-stable/derive_transparent.rs:37:23
   |
37 | util_assert_impl_all!(TransparentStruct<NotZerocopy>: IntoBytes);
   |                       ^^^^^^^^^^^^^^^^^^^^^^^^^^^^^^ the trait `zerocopy::IntoBytes` is not implemented for `NotZerocopy`
   |
   = help: the following other types implement trait `zerocopy::IntoBytes`:
             bool
             char
             isize
             i8
             i16
             i32
             i64
             i128
           and $N others
note: required for `TransparentStruct<NotZerocopy>` to implement `zerocopy::IntoBytes`
  --> tests/ui-stable/derive_transparent.rs:24:10
   |
24 | #[derive(IntoBytes, FromBytes, Unaligned)]
   |          ^^^^^^^^^ unsatisfied trait bound introduced in this `derive` macro
note: required by a bound in `_::{closure#0}::_::{closure#0}::assert_impl_all`
  --> tests/ui-stable/derive_transparent.rs:37:1
   |
37 | util_assert_impl_all!(TransparentStruct<NotZerocopy>: IntoBytes);
   | ^^^^^^^^^^^^^^^^^^^^^^^^^^^^^^^^^^^^^^^^^^^^^^^^^^^^^^^^^^^^^^^^ required by this bound in `assert_impl_all`
   = note: this error originates in the derive macro `IntoBytes` which comes from the expansion of the macro `util_assert_impl_all` (in Nightly builds, run with -Z macro-backtrace for more info)

error[E0277]: the trait bound `NotZerocopy: Unaligned` is not satisfied
  --> tests/ui-stable/derive_transparent.rs:38:23
   |
38 | util_assert_impl_all!(TransparentStruct<NotZerocopy>: Unaligned);
   |                       ^^^^^^^^^^^^^^^^^^^^^^^^^^^^^^ the trait `Unaligned` is not implemented for `NotZerocopy`
   |
   = help: the following other types implement trait `Unaligned`:
             bool
             i8
             u8
             TransparentStruct<T>
             U16<O>
             U32<O>
             U64<O>
             U128<O>
           and $N others
note: required for `TransparentStruct<NotZerocopy>` to implement `Unaligned`
  --> tests/ui-stable/derive_transparent.rs:24:32
   |
24 | #[derive(IntoBytes, FromBytes, Unaligned)]
   |                                ^^^^^^^^^ unsatisfied trait bound introduced in this `derive` macro
note: required by a bound in `_::{closure#0}::_::{closure#0}::assert_impl_all`
  --> tests/ui-stable/derive_transparent.rs:38:1
   |
38 | util_assert_impl_all!(TransparentStruct<NotZerocopy>: Unaligned);
   | ^^^^^^^^^^^^^^^^^^^^^^^^^^^^^^^^^^^^^^^^^^^^^^^^^^^^^^^^^^^^^^^^ required by this bound in `assert_impl_all`
   = note: this error originates in the derive macro `Unaligned` which comes from the expansion of the macro `util_assert_impl_all` (in Nightly builds, run with -Z macro-backtrace for more info)
