warning: unexpected `cfg` condition name: `coverage_nightly`
  --> tests/ui-nightly/mid_compile_pass.rs:45:10
   |
45 | #[derive(KnownLayout)]
   |          ^^^^^^^^^^^
   |
   = help: expected names are: `clippy`, `debug_assertions`, `doc`, `docsrs`, `doctest`, `feature`, `fmt_debug`, `miri`, `overflow_checks`, `panic`, `proc_macro`, `relocation_model`, `rustfmt`, `sanitize`, `sanitizer_cfi_generalize_pointers`, `sanitizer_cfi_normalize_integers`, `target_abi`, `target_arch`, `target_endian`, `target_env`, `target_family`, `target_feature`, `target_has_atomic`, `target_has_atomic_equal_alignment`, `target_has_atomic_load_store`, `target_os`, `target_pointer_width`, `target_thread_local`, `target_vendor`, `test`, `ub_checks`, `unix`, and `windows`
   = help: consider using a Cargo feature instead
   = help: or consider adding in `Cargo.toml` the `check-cfg` lint config for the lint:
            [lints.rust]
            unexpected_cfgs = { level = "warn", check-cfg = ['cfg(coverage_nightly)'] }
   = help: or consider adding `println!("cargo::rustc-check-cfg=cfg(coverage_nightly)");` to the top of the `build.rs`
   = note: see <https://doc.rust-lang.org/nightly/rustc/check-cfg/cargo-specifics.html> for more information about checking conditional configuration
   = note: `#[warn(unexpected_cfgs)]` on by default
   = note: this warning originates in the derive macro `KnownLayout` (in Nightly builds, run with -Z macro-backtrace for more info)

warning: unexpected `cfg` condition name: `coverage_nightly`
  --> tests/ui-nightly/mid_compile_pass.rs:55:10
   |
55 | #[derive(KnownLayout)]
   |          ^^^^^^^^^^^
   |
   = help: consider using a Cargo feature instead
   = help: or consider adding in `Cargo.toml` the `check-cfg` lint config for the lint:
            [lints.rust]
            unexpected_cfgs = { level = "warn", check-cfg = ['cfg(coverage_nightly)'] }
   = help: or consider adding `println!("cargo::rustc-check-cfg=cfg(coverage_nightly)");` to the top of the `build.rs`
   = note: see <https://doc.rust-lang.org/nightly/rustc/check-cfg/cargo-specifics.html> for more information about checking conditional configuration
   = note: this warning originates in the derive macro `KnownLayout` (in Nightly builds, run with -Z macro-backtrace for more info)

error[E0277]: the trait bound `T: KnownLayout` is not satisfied
  --> tests/ui-nightly/mid_compile_pass.rs:59:26
   |
59 | fn test_kl13<T>(t: T) -> impl KnownLayout {
   |                          ^^^^^^^^^^^^^^^^ the trait `KnownLayout` is not implemented for `T`
60 |     KL13(0u8, t)
   |     ------------ return type was inferred to be `KL13<T>` here
   |
   = note: Consider adding `#[derive(KnownLayout)]` to `T`
note: required for `KL13<T>` to implement `KnownLayout`
  --> tests/ui-nightly/mid_compile_pass.rs:55:10
   |
55 | #[derive(KnownLayout)]
   |          ^^^^^^^^^^^ unsatisfied trait bound introduced in this `derive` macro
   = note: this error originates in the derive macro `KnownLayout` (in Nightly builds, run with -Z macro-backtrace for more info)
help: consider restricting type parameter `T`
   |
59 | fn test_kl13<T: zerocopy::KnownLayout>(t: T) -> impl KnownLayout {
   |               +++++++++++++++++++++++

error[E0277]: the size for values of type `T` cannot be known at compilation time
  --> tests/ui-nightly/mid_compile_pass.rs:31:15
   |
30 | fn test_kl04<T: ?Sized>(kl: &KL04<T>) {
   |              - this type parameter needs to be `Sized`
31 |     assert_kl(kl);
   |     --------- ^^ doesn't have a size known at compile-time
   |     |
   |     required by a bound introduced by this call
   |
note: required because it appears within the type `KL04<T>`
  --> tests/ui-nightly/mid_compile_pass.rs:28:8
   |
28 | struct KL04<T: ?Sized>(u8, T);
   |        ^^^^
note: required for `KL04<T>` to implement `KnownLayout`
  --> tests/ui-nightly/mid_compile_pass.rs:27:10
   |
27 | #[derive(KnownLayout)]
   |          ^^^^^^^^^^^ unsatisfied trait bound introduced in this `derive` macro
note: required by a bound in `assert_kl`
  --> tests/ui-nightly/mid_compile_pass.rs:23:26
   |
23 | fn assert_kl<T: ?Sized + KnownLayout>(_: &T) {}
   |                          ^^^^^^^^^^^ required by this bound in `assert_kl`
   = note: this error originates in the derive macro `KnownLayout` (in Nightly builds, run with -Z macro-backtrace for more info)
help: consider removing the `?Sized` bound to make the type parameter `Sized`
   |
30 - fn test_kl04<T: ?Sized>(kl: &KL04<T>) {
30 + fn test_kl04<T>(kl: &KL04<T>) {
   |

error[E0277]: the size for values of type `T` cannot be known at compilation time
  --> tests/ui-nightly/mid_compile_pass.rs:40:15
   |
39 | fn test_kl06<T: ?Sized + KnownLayout>(kl: &KL06<T>) {
   |              - this type parameter needs to be `Sized`
40 |     assert_kl(kl);
   |     --------- ^^ doesn't have a size known at compile-time
   |     |
   |     required by a bound introduced by this call
   |
note: required because it appears within the type `KL06<T>`
  --> tests/ui-nightly/mid_compile_pass.rs:37:8
   |
37 | struct KL06<T: ?Sized + KnownLayout>(u8, T);
   |        ^^^^
note: required for `KL06<T>` to implement `KnownLayout`
  --> tests/ui-nightly/mid_compile_pass.rs:36:10
   |
36 | #[derive(KnownLayout)]
   |          ^^^^^^^^^^^ unsatisfied trait bound introduced in this `derive` macro
note: required by a bound in `assert_kl`
  --> tests/ui-nightly/mid_compile_pass.rs:23:26
   |
23 | fn assert_kl<T: ?Sized + KnownLayout>(_: &T) {}
   |                          ^^^^^^^^^^^ required by this bound in `assert_kl`
   = note: this error originates in the derive macro `KnownLayout` (in Nightly builds, run with -Z macro-backtrace for more info)
help: consider removing the `?Sized` bound to make the type parameter `Sized`
   |
39 - fn test_kl06<T: ?Sized + KnownLayout>(kl: &KL06<T>) {
39 + fn test_kl06<T: KnownLayout>(kl: &KL06<T>) {
   |

error[E0277]: the trait bound `KL12<T>: KnownLayout` is not satisfied
  --> tests/ui-nightly/mid_compile_pass.rs:50:15
   |
50 |     assert_kl(kl)
   |     --------- ^^ the trait `KnownLayout` is not implemented for `KL12<T>`
   |     |
   |     required by a bound introduced by this call
   |
note: required for `KL12<T>` to implement `KnownLayout`
  --> tests/ui-nightly/mid_compile_pass.rs:45:10
   |
45 | #[derive(KnownLayout)]
   |          ^^^^^^^^^^^ unsatisfied trait bound introduced in this `derive` macro
note: required by a bound in `assert_kl`
  --> tests/ui-nightly/mid_compile_pass.rs:23:26
   |
23 | fn assert_kl<T: ?Sized + KnownLayout>(_: &T) {}
   |                          ^^^^^^^^^^^ required by this bound in `assert_kl`
   = note: this error originates in the derive macro `KnownLayout` (in Nightly builds, run with -Z macro-backtrace for more info)
help: consider borrowing here
   |
50 |     assert_kl(&kl)
   |               +
50 |     assert_kl(&mut kl)
   |               ++++
