error[E0277]: the trait bound `NotZerocopy: TryFromBytes` is not satisfied
   --> tests/ui/try_transmute_mut-dst-not-tryfrombytes.rs:18:63
    |
 18 | ..._> = try_transmute_mut!(src);
    |         ^^^^^^^^^^^^^^^^^^^^^^^ unsatisfied trait bound
    |
help: the trait `TryFromBytes` is not implemented for `NotZerocopy`
   --> tests/ui/../include.rs:15:5
    |
 15 |     pub struct NotZerocopy<T = ()>(pub T);
    |     ^^^^^^^^^^^^^^^^^^^^^^^^^^^^^^
    = note: Consider adding `#[derive(TryFromBytes)]` to `NotZerocopy`
    = help: the following other types implement trait `TryFromBytes`:
              ()
              (A, B)
              (A, B, C)
              (A, B, C, D)
              (A, B, C, D, E)
              (A, B, C, D, E, F)
              (A, B, C, D, E, F, G)
              (A, B, C, D, E, F, G, H)
            and 153 others
note: required by a bound in `Wrap::<&'a mut Src, &'a mut Dst>::try_transmute_mut`
   --> /usr/local/google/home/joshlf/workspace/zerocopy/ui-test/src/util/macro_util.rs:816:14
    |
813 |     pub fn try_transmute_mut(self) -> Result<&'a mut Dst, Val...
    |            ----------------- required by a bound in this associated function
...
816 |         Dst: TryFromBytes + IntoBytes,
    |              ^^^^^^^^^^^^ required by this bound in `Wrap::<&mut Src, &mut Dst>::try_transmute_mut`
    = note: the full name for the type has been written to '/long-type-HASH.txt'
    = note: consider using `--verbose` to print the full type name to the console
    = note: this error originates in the macro `try_transmute_mut` (in Nightly builds, run with -Z macro-backtrace for more info)

error[E0277]: the trait bound `NotZerocopy: IntoBytes` is not satisfied
   --> tests/ui/try_transmute_mut-dst-not-tryfrombytes.rs:18:63
    |
 18 | ..._> = try_transmute_mut!(src);
    |         ^^^^^^^^^^^^^^^^^^^^^^^ unsatisfied trait bound
    |
help: the trait `IntoBytes` is not implemented for `NotZerocopy`
   --> tests/ui/../include.rs:15:5
    |
 15 |     pub struct NotZerocopy<T = ()>(pub T);
    |     ^^^^^^^^^^^^^^^^^^^^^^^^^^^^^^
    = note: Consider adding `#[derive(IntoBytes)]` to `NotZerocopy`
    = help: the following other types implement trait `IntoBytes`:
              ()
              AU16
              AtomicBool
              AtomicI16
              AtomicI32
              AtomicI64
              AtomicI8
              AtomicIsize
            and 68 others
note: required by a bound in `Wrap::<&'a mut Src, &'a mut Dst>::try_transmute_mut`
   --> /usr/local/google/home/joshlf/workspace/zerocopy/ui-test/src/util/macro_util.rs:816:29
    |
813 |     pub fn try_transmute_mut(self) -> Result<&'a mut Dst, Val...
    |            ----------------- required by a bound in this associated function
...
816 |         Dst: TryFromBytes + IntoBytes,
    |                             ^^^^^^^^^ required by this bound in `Wrap::<&mut Src, &mut Dst>::try_transmute_mut`
    = note: this error originates in the macro `try_transmute_mut` (in Nightly builds, run with -Z macro-backtrace for more info)

error[E0277]: the trait bound `NotZerocopy: TryFromBytes` is not satisfied
   --> tests/ui/try_transmute_mut-dst-not-tryfrombytes.rs:18:33
    |
 18 | ...s: Result<&mut NotZerocopy, _> = try_transmute_mut!(src);
    |       ^^^^^^^^^^^^^^^^^^^^^^^^^^^ unsatisfied trait bound
    |
help: the trait `TryFromBytes` is not implemented for `NotZerocopy`
   --> tests/ui/../include.rs:15:5
    |
 15 |     pub struct NotZerocopy<T = ()>(pub T);
    |     ^^^^^^^^^^^^^^^^^^^^^^^^^^^^^^
    = note: Consider adding `#[derive(TryFromBytes)]` to `NotZerocopy`
    = help: the following other types implement trait `TryFromBytes`:
              ()
              (A, B)
              (A, B, C)
              (A, B, C, D)
              (A, B, C, D, E)
              (A, B, C, D, E, F)
              (A, B, C, D, E, F, G)
              (A, B, C, D, E, F, G, H)
            and 153 others
note: required by a bound in `ValidityError`
   --> /usr/local/google/home/joshlf/workspace/zerocopy/ui-test/src/error.rs:588:45
    |
588 | pub struct ValidityError<Src, Dst: ?Sized + TryFromBytes> {
    |                                             ^^^^^^^^^^^^ required by this bound in `ValidityError`
    = note: the full name for the type has been written to '/long-type-HASH.txt'
    = note: consider using `--verbose` to print the full type name to the console

error[E0277]: the trait bound `NotZerocopy: TryFromBytes` is not satisfied
   --> tests/ui/try_transmute_mut-dst-not-tryfrombytes.rs:18:63
    |
 18 | ..._> = try_transmute_mut!(src);
    |         ^^^^^^^^^^^^^^^^^^^^^^^ unsatisfied trait bound
    |
help: the trait `TryFromBytes` is not implemented for `NotZerocopy`
   --> tests/ui/../include.rs:15:5
    |
 15 |     pub struct NotZerocopy<T = ()>(pub T);
    |     ^^^^^^^^^^^^^^^^^^^^^^^^^^^^^^
    = note: Consider adding `#[derive(TryFromBytes)]` to `NotZerocopy`
    = help: the following other types implement trait `TryFromBytes`:
              ()
              (A, B)
              (A, B, C)
              (A, B, C, D)
              (A, B, C, D, E)
              (A, B, C, D, E, F)
              (A, B, C, D, E, F, G)
              (A, B, C, D, E, F, G, H)
            and 153 others
note: required by a bound in `ValidityError`
   --> /usr/local/google/home/joshlf/workspace/zerocopy/ui-test/src/error.rs:588:45
    |
588 | pub struct ValidityError<Src, Dst: ?Sized + TryFromBytes> {
    |                                             ^^^^^^^^^^^^ required by this bound in `ValidityError`
    = note: the full name for the type has been written to '/long-type-HASH.txt'
    = note: consider using `--verbose` to print the full type name to the console
    = note: this error originates in the macro `try_transmute_mut` (in Nightly builds, run with -Z macro-backtrace for more info)

error: aborting due to 4 previous errors

For more information about this error, try `rustc --explain E0277`.
