error[E0277]: the trait bound `NotZerocopy: TryFromBytes` is not satisfied
  --> $DIR/try_transmute_ref-dst-not-immutable-tryfrombytes.rs:19:59
   |
19 |     let dst_not_try_from_bytes: Result<&NotZerocopy, _> = try_transmute_ref!(&AU16(0));
   |                                                           ^^^^^^^^^^^^^^^^^^^^^^^^^^^^ the trait `TryFromBytes` is not implemented for `NotZerocopy`
   |
   = note: this error originates in the macro `try_transmute_ref` (in Nightly builds, run with -Z macro-backtrace for more info)

error[E0277]: the trait bound `NotZerocopy: Immutable` is not satisfied
  --> $DIR/try_transmute_ref-dst-not-immutable-tryfrombytes.rs:19:59
   |
19 |     let dst_not_try_from_bytes: Result<&NotZerocopy, _> = try_transmute_ref!(&AU16(0));
   |                                                           ^^^^^^^^^^^^^^^^^^^^^^^^^^^^ the trait `Immutable` is not implemented for `NotZerocopy`
   |
   = note: this error originates in the macro `try_transmute_ref` (in Nightly builds, run with -Z macro-backtrace for more info)

error[E0277]: the trait bound `NotZerocopy: TryFromBytes` is not satisfied
   --> $DIR/try_transmute_ref-dst-not-immutable-tryfrombytes.rs:19:33
    |
19  |     let dst_not_try_from_bytes: Result<&NotZerocopy, _> = try_transmute_ref!(&AU16(0));
    |                                 ^^^^^^^^^^^^^^^^^^^^^^^ the trait `TryFromBytes` is not implemented for `NotZerocopy`
    |
note: required by a bound in `ValidityError`
   --> $WORKSPACE/src/error.rs:588:45
    |
588 | pub struct ValidityError<Src, Dst: ?Sized + TryFromBytes> {
    |                                             ^^^^^^^^^^^^ required by this bound in `ValidityError`

error[E0277]: the trait bound `NotZerocopy: TryFromBytes` is not satisfied
   --> $DIR/try_transmute_ref-dst-not-immutable-tryfrombytes.rs:19:59
    |
19  |     let dst_not_try_from_bytes: Result<&NotZerocopy, _> = try_transmute_ref!(&AU16(0));
    |                                                           ^^^^^^^^^^^^^^^^^^^^^^^^^^^^ the trait `TryFromBytes` is not implemented for `NotZerocopy`
    |
note: required by a bound in `ValidityError`
   --> $WORKSPACE/src/error.rs:588:45
    |
588 | pub struct ValidityError<Src, Dst: ?Sized + TryFromBytes> {
    |                                             ^^^^^^^^^^^^ required by this bound in `ValidityError`
    = note: this error originates in the macro `try_transmute_ref` (in Nightly builds, run with -Z macro-backtrace for more info)

error: aborting due to 4 previous errors

For more information about this error, try `rustc --explain E0277`.
