error[E0277]: the trait bound `*const usize: AsBytes` is not satisfied
  --> tests/ui-msrv/transmute-ptr-to-usize.rs:20:30
   |
20 | const POINTER_VALUE: usize = transmute!(&0usize as *const usize);
   |                              ^^^^^^^^^^^^^^^^^^^^^^^^^^^^^^^^^^^
   |                              |
   |                              the trait `AsBytes` is not implemented for `*const usize`
   |                              required by a bound introduced by this call
   |
note: required by `AssertIsIntoBytes`
  --> tests/ui-msrv/transmute-ptr-to-usize.rs:20:30
   |
20 | const POINTER_VALUE: usize = transmute!(&0usize as *const usize);
   |                              ^^^^^^^^^^^^^^^^^^^^^^^^^^^^^^^^^^^
   = note: this error originates in the macro `transmute` (in Nightly builds, run with -Z macro-backtrace for more info)

error[E0277]: the trait bound `*const usize: AsBytes` is not satisfied
  --> tests/ui-msrv/transmute-ptr-to-usize.rs:20:30
   |
20 | const POINTER_VALUE: usize = transmute!(&0usize as *const usize);
   |                              ^^^^^^^^^^^^^^^^^^^^^^^^^^^^^^^^^^^ the trait `AsBytes` is not implemented for `*const usize`
   |
note: required by a bound in `AssertIsIntoBytes`
  --> tests/ui-msrv/transmute-ptr-to-usize.rs:20:30
   |
20 | const POINTER_VALUE: usize = transmute!(&0usize as *const usize);
   |                              ^^^^^^^^^^^^^^^^^^^^^^^^^^^^^^^^^^^ required by this bound in `AssertIsIntoBytes`
   = note: this error originates in the macro `transmute` (in Nightly builds, run with -Z macro-backtrace for more info)
