warning: taking a mutable reference to a `const` item
  --> $DIR/transmute-mut-const.rs:18:52
   |
18 | const CONST_CONTEXT: &mut [u8; 2] = transmute_mut!(&mut ARRAY_OF_U8S);
   |                                                    ^^^^^^^^^^^^^^^^^
   |
   = note: `#[warn(const_item_mutation)]` on by default
   = note: each usage of a `const` item creates a new temporary
   = note: the mutable reference will refer to this temporary, not the original `const` item
note: `const` item defined here
  --> $DIR/transmute-mut-const.rs:15:1
   |
15 | const ARRAY_OF_U8S: [u8; 2] = [0u8; 2];
   | ^^^^^^^^^^^^^^^^^^^^^^^^^^^^^^^^^^^^^^^

error[E0658]: mutable references are not allowed in constants
  --> $DIR/transmute-mut-const.rs:18:52
   |
18 | const CONST_CONTEXT: &mut [u8; 2] = transmute_mut!(&mut ARRAY_OF_U8S);
   |                                                    ^^^^^^^^^^^^^^^^^
   |
   = note: see issue #57349 <https://github.com/rust-lang/rust/issues/57349> for more information

error[E0015]: calls in constants are limited to constant functions, tuple structs and tuple variants
  --> $DIR/transmute-mut-const.rs:18:37
   |
18 | const CONST_CONTEXT: &mut [u8; 2] = transmute_mut!(&mut ARRAY_OF_U8S);
   |                                     ^^^^^^^^^^^^^^^^^^^^^^^^^^^^^^^^^
   |
   = note: this error originates in the macro `transmute_mut` (in Nightly builds, run with -Z macro-backtrace for more info)

error[E0015]: calls in constants are limited to constant functions, tuple structs and tuple variants
  --> $DIR/transmute-mut-const.rs:18:37
   |
18 | const CONST_CONTEXT: &mut [u8; 2] = transmute_mut!(&mut ARRAY_OF_U8S);
   |                                     ^^^^^^^^^^^^^^^^^^^^^^^^^^^^^^^^^
   |
   = note: this error originates in the macro `transmute_mut` (in Nightly builds, run with -Z macro-backtrace for more info)

error[E0716]: temporary value dropped while borrowed
  --> $DIR/transmute-mut-const.rs:18:57
   |
18 | const CONST_CONTEXT: &mut [u8; 2] = transmute_mut!(&mut ARRAY_OF_U8S);
   |                                     --------------------^^^^^^^^^^^^-
   |                                     |                   |
   |                                     |                   creates a temporary which is freed while still in use
   |                                     temporary value is freed at the end of this statement
   |                                     using this value as a constant requires that borrow lasts for `'static`

error: aborting due to 4 previous errors; 1 warning emitted

Some errors have detailed explanations: E0015, E0658, E0716.
For more information about an error, try `rustc --explain E0015`.
