error[E0277]: the trait bound `NotZerocopy: zerocopy::TryFromBytes` is not satisfied
   --> tests/ui-msrv/try_transmute_ref-dst-not-immutable-tryfrombytes.rs:19:59
    |
19  |     let dst_not_try_from_bytes: Result<&NotZerocopy, _> = try_transmute_ref!(&AU16(0));
    |                                                           ^^^^^^^^^^^^^^^^^^^^^^^^^^^^ the trait `zerocopy::TryFromBytes` is not implemented for `NotZerocopy`
    |
note: required by a bound in `try_transmute_ref`
   --> /app/src/util/macro_util.rs:675:10
    |
675 |     Dst: TryFromBytes + Immutable,
    |          ^^^^^^^^^^^^ required by this bound in `try_transmute_ref`
    = note: this error originates in the macro `try_transmute_ref` (in Nightly builds, run with -Z macro-backtrace for more info)

error[E0277]: the trait bound `NotZerocopy: zerocopy::Immutable` is not satisfied
   --> tests/ui-msrv/try_transmute_ref-dst-not-immutable-tryfrombytes.rs:19:59
    |
19  |     let dst_not_try_from_bytes: Result<&NotZerocopy, _> = try_transmute_ref!(&AU16(0));
    |                                                           ^^^^^^^^^^^^^^^^^^^^^^^^^^^^ the trait `zerocopy::Immutable` is not implemented for `NotZerocopy`
    |
note: required by a bound in `try_transmute_ref`
   --> /app/src/util/macro_util.rs:675:25
    |
675 |     Dst: TryFromBytes + Immutable,
    |                         ^^^^^^^^^ required by this bound in `try_transmute_ref`
    = note: this error originates in the macro `try_transmute_ref` (in Nightly builds, run with -Z macro-backtrace for more info)

error[E0277]: the trait bound `NotZerocopy: zerocopy::TryFromBytes` is not satisfied
   --> tests/ui-msrv/try_transmute_ref-dst-not-immutable-tryfrombytes.rs:19:33
    |
19  |     let dst_not_try_from_bytes: Result<&NotZerocopy, _> = try_transmute_ref!(&AU16(0));
    |                                 ^^^^^^^^^^^^^^^^^^^^^^^ the trait `zerocopy::TryFromBytes` is not implemented for `NotZerocopy`
    |
note: required by a bound in `ValidityError`
   --> /app/src/error.rs:588:45
    |
588 | pub struct ValidityError<Src, Dst: ?Sized + TryFromBytes> {
    |                                             ^^^^^^^^^^^^ required by this bound in `ValidityError`

error[E0277]: the trait bound `NotZerocopy: zerocopy::TryFromBytes` is not satisfied
   --> tests/ui-msrv/try_transmute_ref-dst-not-immutable-tryfrombytes.rs:19:59
    |
19  |     let dst_not_try_from_bytes: Result<&NotZerocopy, _> = try_transmute_ref!(&AU16(0));
    |                                                           ^^^^^^^^^^^^^^^^^^^^^^^^^^^^ the trait `zerocopy::TryFromBytes` is not implemented for `NotZerocopy`
    |
note: required by a bound in `ValidityError`
   --> /app/src/error.rs:588:45
    |
588 | pub struct ValidityError<Src, Dst: ?Sized + TryFromBytes> {
    |                                             ^^^^^^^^^^^^ required by this bound in `ValidityError`
    = note: this error originates in the macro `try_transmute_ref` (in Nightly builds, run with -Z macro-backtrace for more info)

error: aborting due to 4 previous errors

For more information about this error, try `rustc --explain E0277`.
