warning: unexpected `cfg` condition name: `coverage_nightly`
 --> tests/ui-nightly/../../zerocopy-derive/tests/include.rs
  |
  |         super::imp::KnownLayout,
  |         ^^^^^^^^^^^^^^^^^^^^^^^
  |
  = help: expected names are: `clippy`, `debug_assertions`, `doc`, `docsrs`, `doctest`, `feature`, `fmt_debug`, `miri`, `overflow_checks`, `panic`, `proc_macro`, `relocation_model`, `rustfmt`, `sanitize`, `sanitizer_cfi_generalize_pointers`, `sanitizer_cfi_normalize_integers`, `target_abi`, `target_arch`, `target_endian`, `target_env`, `target_family`, `target_feature`, `target_has_atomic`, `target_has_atomic_equal_alignment`, `target_has_atomic_load_store`, `target_os`, `target_pointer_width`, `target_thread_local`, `target_vendor`, `test`, `ub_checks`, `unix`, and `windows`
  = help: consider using a Cargo feature instead
  = help: or consider adding in `Cargo.toml` the `check-cfg` lint config for the lint:
           [lints.rust]
           unexpected_cfgs = { level = "warn", check-cfg = ['cfg(coverage_nightly)'] }
  = help: or consider adding `println!("cargo::rustc-check-cfg=cfg(coverage_nightly)");` to the top of the `build.rs`
  = note: see <https://doc.rust-lang.org/nightly/rustc/check-cfg/cargo-specifics.html> for more information about checking conditional configuration
  = note: `#[warn(unexpected_cfgs)]` on by default
  = note: this warning originates in the derive macro `super::imp::KnownLayout` (in Nightly builds, run with -Z macro-backtrace for more info)

error[E0277]: the trait bound `NotZerocopy<AU16>: zerocopy::IntoBytes` is not satisfied
  --> tests/ui-nightly/transmute-src-not-intobytes.rs:19:32
   |
19 | const SRC_NOT_AS_BYTES: AU16 = transmute!(NotZerocopy(AU16(0)));
   |                                ^^^^^^^^^^^^^^^^^^^^^^^^^^^^^^^^
   |                                |
   |                                the trait `zerocopy::IntoBytes` is not implemented for `NotZerocopy<AU16>`
   |                                required by a bound introduced by this call
   |
   = note: Consider adding `#[derive(IntoBytes)]` to `NotZerocopy<AU16>`
   = help: the following other types implement trait `zerocopy::IntoBytes`:
             ()
             AU16
             AtomicBool
             AtomicI16
             AtomicI32
             AtomicI64
             AtomicI8
             AtomicIsize
           and $N others
note: required by a bound in `AssertIsIntoBytes`
  --> tests/ui-nightly/transmute-src-not-intobytes.rs:19:32
   |
19 | const SRC_NOT_AS_BYTES: AU16 = transmute!(NotZerocopy(AU16(0)));
   |                                ^^^^^^^^^^^^^^^^^^^^^^^^^^^^^^^^ required by this bound in `AssertIsIntoBytes`
   = note: this error originates in the macro `transmute` (in Nightly builds, run with -Z macro-backtrace for more info)

error[E0277]: the trait bound `NotZerocopy<AU16>: zerocopy::IntoBytes` is not satisfied
  --> tests/ui-nightly/transmute-src-not-intobytes.rs:19:32
   |
19 | const SRC_NOT_AS_BYTES: AU16 = transmute!(NotZerocopy(AU16(0)));
   |                                ^^^^^^^^^^^^^^^^^^^^^^^^^^^^^^^^ the trait `zerocopy::IntoBytes` is not implemented for `NotZerocopy<AU16>`
   |
   = note: Consider adding `#[derive(IntoBytes)]` to `NotZerocopy<AU16>`
   = help: the following other types implement trait `zerocopy::IntoBytes`:
             ()
             AU16
             AtomicBool
             AtomicI16
             AtomicI32
             AtomicI64
             AtomicI8
             AtomicIsize
           and $N others
note: required by a bound in `AssertIsIntoBytes`
  --> tests/ui-nightly/transmute-src-not-intobytes.rs:19:32
   |
19 | const SRC_NOT_AS_BYTES: AU16 = transmute!(NotZerocopy(AU16(0)));
   |                                ^^^^^^^^^^^^^^^^^^^^^^^^^^^^^^^^ required by this bound in `AssertIsIntoBytes`
   = note: this error originates in the macro `transmute` (in Nightly builds, run with -Z macro-backtrace for more info)
