error[E0277]: the trait bound `NotZerocopy<AU16>: IntoBytes` is not satisfied
 --> tests/ui-nightly/try_transmute_ref-src-not-immutable-intobytes.rs:17:48
  |
 17 |     let src_not_into_bytes: Result<&AU16, _> = try_transmute_ref!(&NotZerocopy(AU16(0)));
    |                                                ^^^^^^^^^^^^^^^^^^^^^^^^^^^^^^^^^^^^^^^^^ unsatisfied trait bound
    |
help: the trait `IntoBytes` is not implemented for `NotZerocopy<AU16>`
   --> tests/ui-nightly/../include.rs
    |
 15 |     pub struct NotZerocopy<T = ()>(pub T);
    |     ^^^^^^^^^^^^^^^^^^^^^^^^^^^^^^
    = note: Consider adding `#[derive(IntoBytes)]` to `NotZerocopy<AU16>`
    = help: the following other types implement trait `IntoBytes`:
              ()
              AU16
              AtomicBool
              AtomicI16
              AtomicI32
              AtomicI64
              AtomicI8
              AtomicIsize
            and $N others
note: required by a bound in `try_transmute_ref`
   --> src/util/macro_util.rs
    |
    | pub fn try_transmute_ref<Src, Dst>(src: &Src) -> Result<&Dst, ValidityError<&Src, Dst>>
    |        ----------------- required by a bound in this function
    | where
    |     Src: IntoBytes + Immutable,
    |          ^^^^^^^^^ required by this bound in `try_transmute_ref`
    = note: this error originates in the macro `try_transmute_ref` (in Nightly builds, run with -Z macro-backtrace for more info)

error[E0277]: the trait bound `NotZerocopy<AU16>: Immutable` is not satisfied
 --> tests/ui-nightly/try_transmute_ref-src-not-immutable-intobytes.rs:17:48
  |
 17 |     let src_not_into_bytes: Result<&AU16, _> = try_transmute_ref!(&NotZerocopy(AU16(0)));
    |                                                ^^^^^^^^^^^^^^^^^^^^^^^^^^^^^^^^^^^^^^^^^ unsatisfied trait bound
    |
help: the trait `Immutable` is not implemented for `NotZerocopy<AU16>`
   --> tests/ui-nightly/../include.rs
    |
 15 |     pub struct NotZerocopy<T = ()>(pub T);
    |     ^^^^^^^^^^^^^^^^^^^^^^^^^^^^^^
    = note: Consider adding `#[derive(Immutable)]` to `NotZerocopy<AU16>`
    = help: the following other types implement trait `Immutable`:
              &T
              &mut T
              ()
              (A, B)
              (A, B, C)
              (A, B, C, D)
              (A, B, C, D, E)
              (A, B, C, D, E, F)
            and $N others
note: required by a bound in `try_transmute_ref`
   --> src/util/macro_util.rs
    |
    | pub fn try_transmute_ref<Src, Dst>(src: &Src) -> Result<&Dst, ValidityError<&Src, Dst>>
    |        ----------------- required by a bound in this function
    | where
    |     Src: IntoBytes + Immutable,
    |                      ^^^^^^^^^ required by this bound in `try_transmute_ref`
    = note: the full name for the type has been written to '$DIR/target/by-toolchain/nightly/tests/trybuild/x86_64-unknown-linux-gnu/debug/deps/$CRATE-bb8c7f1f912409b6.long-type-1329362796787123609.txt'
    = note: consider using `--verbose` to print the full type name to the console
    = note: this error originates in the macro `try_transmute_ref` (in Nightly builds, run with -Z macro-backtrace for more info)
