error[E0277]: the trait bound `NotZerocopy: TryFromBytes` is not satisfied
 --> tests/ui-nightly/try_transmute-dst-not-tryfrombytes.rs:15:33
  |
 15 | ...from_bytes: Result<NotZerocopy, _> = try_transmute!(AU16(0));
    |                ^^^^^^^^^^^^^^^^^^^^^^ unsatisfied trait bound
    |
help: the trait `TryFromBytes` is not implemented for `NotZerocopy`
   --> tests/ui-nightly/../include.rs
    |
 15 |     pub struct NotZerocopy<T = ()>(pub T);
    |     ^^^^^^^^^^^^^^^^^^^^^^^^^^^^^^
    = note: Consider adding `#[derive(TryFromBytes)]` to `NotZerocopy`
    = help: the following other types implement trait `TryFromBytes`:
              ()
              (A, B)
              (A, B, C)
              (A, B, C, D)
              (A, B, C, D, E)
              (A, B, C, D, E, F)
              (A, B, C, D, E, F, G)
              (A, B, C, D, E, F, G, H)
            and $N others
note: required by a bound in `ValidityError`
   --> src/error.rs
    |
    | pub struct ValidityError<Src, Dst: ?Sized + TryFromBytes> {
    |                                             ^^^^^^^^^^^^ required by this bound in `ValidityError`
    = note: the full name for the type has been written to '$DIR/target/by-toolchain/nightly/tests/trybuild/x86_64-unknown-linux-gnu/debug/deps/$CRATE-432ae2415d62c132.long-type-2190509546978673845.txt'
    = note: consider using `--verbose` to print the full type name to the console

error[E0277]: the trait bound `NotZerocopy: TryFromBytes` is not satisfied
 --> tests/ui-nightly/try_transmute-dst-not-tryfrombytes.rs:15:58
  |
 15 | ...copy, _> = try_transmute!(AU16(0));
    |               ^^^^^^^^^^^^^^^^^^^^^^^ unsatisfied trait bound
    |
help: the trait `TryFromBytes` is not implemented for `NotZerocopy`
   --> tests/ui-nightly/../include.rs
    |
 15 |     pub struct NotZerocopy<T = ()>(pub T);
    |     ^^^^^^^^^^^^^^^^^^^^^^^^^^^^^^
    = note: Consider adding `#[derive(TryFromBytes)]` to `NotZerocopy`
    = help: the following other types implement trait `TryFromBytes`:
              ()
              (A, B)
              (A, B, C)
              (A, B, C, D)
              (A, B, C, D, E)
              (A, B, C, D, E, F)
              (A, B, C, D, E, F, G)
              (A, B, C, D, E, F, G, H)
            and $N others
note: required by a bound in `zerocopy::util::macro_util::try_transmute`
   --> src/util/macro_util.rs
    |
    | pub fn try_transmute<Src, Dst>(src: Src) -> Result<Dst, ValidityError<Src...
    |        ------------- required by a bound in this function
...
    |     Dst: TryFromBytes,
    |          ^^^^^^^^^^^^ required by this bound in `try_transmute`
    = note: the full name for the type has been written to '$DIR/target/by-toolchain/nightly/tests/trybuild/x86_64-unknown-linux-gnu/debug/deps/$CRATE-432ae2415d62c132.long-type-2190509546978673845.txt'
    = note: consider using `--verbose` to print the full type name to the console
    = note: this error originates in the macro `try_transmute` (in Nightly builds, run with -Z macro-backtrace for more info)

error[E0277]: the trait bound `NotZerocopy: TryFromBytes` is not satisfied
 --> tests/ui-nightly/try_transmute-dst-not-tryfrombytes.rs:15:58
  |
 15 | ...copy, _> = try_transmute!(AU16(0));
    |               ^^^^^^^^^^^^^^^^^^^^^^^ unsatisfied trait bound
    |
help: the trait `TryFromBytes` is not implemented for `NotZerocopy`
   --> tests/ui-nightly/../include.rs
    |
 15 |     pub struct NotZerocopy<T = ()>(pub T);
    |     ^^^^^^^^^^^^^^^^^^^^^^^^^^^^^^
    = note: Consider adding `#[derive(TryFromBytes)]` to `NotZerocopy`
    = help: the following other types implement trait `TryFromBytes`:
              ()
              (A, B)
              (A, B, C)
              (A, B, C, D)
              (A, B, C, D, E)
              (A, B, C, D, E, F)
              (A, B, C, D, E, F, G)
              (A, B, C, D, E, F, G, H)
            and $N others
note: required by a bound in `ValidityError`
   --> src/error.rs
    |
    | pub struct ValidityError<Src, Dst: ?Sized + TryFromBytes> {
    |                                             ^^^^^^^^^^^^ required by this bound in `ValidityError`
    = note: the full name for the type has been written to '$DIR/target/by-toolchain/nightly/tests/trybuild/x86_64-unknown-linux-gnu/debug/deps/$CRATE-432ae2415d62c132.long-type-2190509546978673845.txt'
    = note: consider using `--verbose` to print the full type name to the console
    = note: this error originates in the macro `try_transmute` (in Nightly builds, run with -Z macro-backtrace for more info)
