error: unrecognized representation hint
  --> $DIR/enum.rs:22:8
   |
22 | #[repr("foo")]
   |        ^^^^^

error: unrecognized representation hint
  --> $DIR/enum.rs:30:8
   |
30 | #[repr(foo)]
   |        ^^^

error: must have #[repr(C)] or #[repr(Int)] attribute in order to guarantee this type's memory layout
  --> $DIR/enum.rs:36:10
   |
36 | #[derive(FromBytes)]
   |          ^^^^^^^^^
   |
   = note: this error originates in the derive macro `FromBytes` (in Nightly builds, run with -Z macro-backtrace for more info)

error: this conflicts with another representation hint
  --> $DIR/enum.rs:47:12
   |
47 | #[repr(u8, u16)]
   |            ^^^

error: must have #[repr(C)] or #[repr(Int)] attribute in order to guarantee this type's memory layout
  --> $DIR/enum.rs:53:10
   |
53 | #[derive(FromBytes)]
   |          ^^^^^^^^^
   |
   = note: this error originates in the derive macro `FromBytes` (in Nightly builds, run with -Z macro-backtrace for more info)

error: must have #[repr(C)] or #[repr(Int)] attribute in order to guarantee this type's memory layout
  --> $DIR/enum.rs:88:1
   |
88 | #[zerocopy(crate = "zerocopy_renamed")]
   | ^

error: must have #[repr(C)] or #[repr(Int)] attribute in order to guarantee this type's memory layout
  --> $DIR/enum.rs:95:1
   |
95 | #[zerocopy(crate = "zerocopy_renamed")]
   | ^

error: must have #[repr(C)] or #[repr(Int)] attribute in order to guarantee this type's memory layout
   --> $DIR/enum.rs:117:1
    |
117 | #[zerocopy(crate = "zerocopy_renamed")]
    | ^

error: must have #[repr(C)] or #[repr(Int)] attribute in order to guarantee this type's memory layout
   --> $DIR/enum.rs:124:1
    |
124 | #[zerocopy(crate = "zerocopy_renamed")]
    | ^

error: must have #[repr(C)] or #[repr(Int)] attribute in order to guarantee this type's memory layout
   --> $DIR/enum.rs:132:1
    |
132 | #[zerocopy(crate = "zerocopy_renamed")]
    | ^

error: FromZeros only supported on enums with a variant that has a discriminant of `0`
   --> $DIR/enum.rs:140:1
    |
140 | / #[zerocopy(crate = "zerocopy_renamed")]
141 | | #[repr(u8)]
142 | | enum FromZeros4 {
143 | |     A = 1,
144 | |     B = 2,
145 | | }
    | |_^

error: FromZeros only supported on enums with a variant that has a discriminant of `0`
help: This enum has discriminants which are not literal integers. One of those may define or imply which variant has a discriminant of zero. Use a literal integer to define or imply the variant with a discriminant of zero.
   --> $DIR/enum.rs:151:1
    |
151 | / #[zerocopy(crate = "zerocopy_renamed")]
152 | | #[repr(i8)]
153 | | enum FromZeros5 {
154 | |     A = NEGATIVE_ONE,
155 | |     B,
156 | | }
    | |_^

error: FromZeros only supported on enums with a variant that has a discriminant of `0`
   --> $DIR/enum.rs:171:1
    |
171 | / #[zerocopy(crate = "zerocopy_renamed")]
172 | | #[repr(u8)]
173 | | enum FromZeros7 {
174 | |     //@[msrv]~ ERROR: custom discriminant values are not allowed in enums with tuple or struct variants
175 | |     A = 1,
176 | |     B(NotFromZeros),
177 | | }
    | |_^

error: must have #[repr(C)] or #[repr(Int)] attribute in order to guarantee this type's memory layout
   --> $DIR/enum.rs:184:10
    |
184 | #[derive(FromBytes)]
    |          ^^^^^^^^^
    |
    = note: this error originates in the derive macro `FromBytes` (in Nightly builds, run with -Z macro-backtrace for more info)

error: `FromBytes` only supported on enums with `#[repr(...)]` attributes `u8`, `i8`, `u16`, or `i16`
   --> $DIR/enum.rs:193:8
    |
193 | #[repr(C)]
    |        ^

error: `FromBytes` only supported on enums with `#[repr(...)]` attributes `u8`, `i8`, `u16`, or `i16`
   --> $DIR/enum.rs:201:8
    |
201 | #[repr(usize)]
    |        ^^^^^

error: `FromBytes` only supported on enums with `#[repr(...)]` attributes `u8`, `i8`, `u16`, or `i16`
   --> $DIR/enum.rs:209:8
    |
209 | #[repr(isize)]
    |        ^^^^^

error: `FromBytes` only supported on enums with `#[repr(...)]` attributes `u8`, `i8`, `u16`, or `i16`
   --> $DIR/enum.rs:217:8
    |
217 | #[repr(u32)]
    |        ^^^

error: `FromBytes` only supported on enums with `#[repr(...)]` attributes `u8`, `i8`, `u16`, or `i16`
   --> $DIR/enum.rs:225:8
    |
225 | #[repr(i32)]
    |        ^^^

error: `FromBytes` only supported on enums with `#[repr(...)]` attributes `u8`, `i8`, `u16`, or `i16`
   --> $DIR/enum.rs:233:8
    |
233 | #[repr(u64)]
    |        ^^^

error: `FromBytes` only supported on enums with `#[repr(...)]` attributes `u8`, `i8`, `u16`, or `i16`
   --> $DIR/enum.rs:241:8
    |
241 | #[repr(i64)]
    |        ^^^

error: must have #[repr(u8)] or #[repr(i8)] attribute in order to guarantee this type's alignment
   --> $DIR/enum.rs:514:10
    |
514 | #[derive(Unaligned)]
    |          ^^^^^^^^^
    |
    = note: this error originates in the derive macro `Unaligned` (in Nightly builds, run with -Z macro-backtrace for more info)

error: must have #[repr(u8)] or #[repr(i8)] attribute in order to guarantee this type's alignment
   --> $DIR/enum.rs:522:10
    |
522 | #[derive(Unaligned)]
    |          ^^^^^^^^^
    |
    = note: this error originates in the derive macro `Unaligned` (in Nightly builds, run with -Z macro-backtrace for more info)

error: must have #[repr(u8)] or #[repr(i8)] attribute in order to guarantee this type's alignment
   --> $DIR/enum.rs:530:10
    |
530 | #[derive(Unaligned)]
    |          ^^^^^^^^^
    |
    = note: this error originates in the derive macro `Unaligned` (in Nightly builds, run with -Z macro-backtrace for more info)

error: must have #[repr(u8)] or #[repr(i8)] attribute in order to guarantee this type's alignment
   --> $DIR/enum.rs:538:10
    |
538 | #[derive(Unaligned)]
    |          ^^^^^^^^^
    |
    = note: this error originates in the derive macro `Unaligned` (in Nightly builds, run with -Z macro-backtrace for more info)

error: must have #[repr(u8)] or #[repr(i8)] attribute in order to guarantee this type's alignment
   --> $DIR/enum.rs:546:10
    |
546 | #[derive(Unaligned)]
    |          ^^^^^^^^^
    |
    = note: this error originates in the derive macro `Unaligned` (in Nightly builds, run with -Z macro-backtrace for more info)

error: must have #[repr(u8)] or #[repr(i8)] attribute in order to guarantee this type's alignment
   --> $DIR/enum.rs:554:10
    |
554 | #[derive(Unaligned)]
    |          ^^^^^^^^^
    |
    = note: this error originates in the derive macro `Unaligned` (in Nightly builds, run with -Z macro-backtrace for more info)

error: must have #[repr(u8)] or #[repr(i8)] attribute in order to guarantee this type's alignment
   --> $DIR/enum.rs:562:10
    |
562 | #[derive(Unaligned)]
    |          ^^^^^^^^^
    |
    = note: this error originates in the derive macro `Unaligned` (in Nightly builds, run with -Z macro-backtrace for more info)

error: must have #[repr(u8)] or #[repr(i8)] attribute in order to guarantee this type's alignment
   --> $DIR/enum.rs:570:10
    |
570 | #[derive(Unaligned)]
    |          ^^^^^^^^^
    |
    = note: this error originates in the derive macro `Unaligned` (in Nightly builds, run with -Z macro-backtrace for more info)

error: must have #[repr(u8)] or #[repr(i8)] attribute in order to guarantee this type's alignment
   --> $DIR/enum.rs:578:10
    |
578 | #[derive(Unaligned)]
    |          ^^^^^^^^^
    |
    = note: this error originates in the derive macro `Unaligned` (in Nightly builds, run with -Z macro-backtrace for more info)

error: cannot derive `Unaligned` on type with alignment greater than 1
   --> $DIR/enum.rs:588:12
    |
588 | #[repr(u8, align(2))]
    |            ^^^^^

error: cannot derive `Unaligned` on type with alignment greater than 1
   --> $DIR/enum.rs:596:12
    |
596 | #[repr(i8, align(2))]
    |            ^^^^^

error: this conflicts with another representation hint
   --> $DIR/enum.rs:604:18
    |
604 | #[repr(align(1), align(2))]
    |                  ^^^^^

error: this conflicts with another representation hint
   --> $DIR/enum.rs:612:18
    |
612 | #[repr(align(2), align(4))]
    |                  ^^^^^

error: must have #[repr(C)] or #[repr(Int)] attribute in order to guarantee this type's memory layout
   --> $DIR/enum.rs:656:10
    |
656 | #[derive(IntoBytes)]
    |          ^^^^^^^^^
    |
    = note: this error originates in the derive macro `IntoBytes` (in Nightly builds, run with -Z macro-backtrace for more info)

error: must have #[repr(C)] or #[repr(Int)] attribute in order to guarantee this type's memory layout
   --> $DIR/enum.rs:664:10
    |
664 | #[derive(IntoBytes)]
    |          ^^^^^^^^^
    |
    = note: this error originates in the derive macro `IntoBytes` (in Nightly builds, run with -Z macro-backtrace for more info)

error: generic parameters may not be used in const operations
   --> $DIR/enum.rs:676:7
    |
676 |     A(T),
    |       ^ cannot perform const operation using `T`
    |
    = note: type parameters may not be used in const expressions

error[E0658]: custom discriminant values are not allowed in enums with tuple or struct variants
   --> $DIR/enum.rs:175:9
    |
175 |     A = 1,
    |         ^ disallowed custom discriminant
176 |     B(NotFromZeros),
    |     --------------- tuple variant defined here
    |
    = note: see issue #60553 <https://github.com/rust-lang/rust/issues/60553> for more information

error[E0565]: meta item in `repr` must be an identifier
  --> $DIR/enum.rs:22:8
   |
22 | #[repr("foo")]
   |        ^^^^^

error[E0552]: unrecognized representation hint
  --> $DIR/enum.rs:30:8
   |
30 | #[repr(foo)]
   |        ^^^

error[E0566]: conflicting representation hints
  --> $DIR/enum.rs:47:8
   |
47 | #[repr(u8, u16)]
   |        ^^  ^^^
   |
   = note: `#[deny(conflicting_repr_hints)]` on by default
   = warning: this was previously accepted by the compiler but is being phased out; it will become a hard error in a future release!
   = note: for more information, see issue #68585 <https://github.com/rust-lang/rust/issues/68585>

error[E0277]: the trait bound `UnsafeCell<()>: Immutable` is not satisfied
  --> $DIR/enum.rs:64:10
   |
64 | #[derive(Immutable)]
   |          ^^^^^^^^^ the trait `Immutable` is not implemented for `UnsafeCell<()>`
   |
   = help: see issue #48214
   = note: this error originates in the derive macro `Immutable` (in Nightly builds, run with -Z macro-backtrace for more info)

error[E0277]: the trait bound `UnsafeCell<u8>: Immutable` is not satisfied
  --> $DIR/enum.rs:75:10
   |
75 | #[derive(Immutable)]
   |          ^^^^^^^^^ the trait `Immutable` is not implemented for `UnsafeCell<u8>`
   |
   = help: see issue #48214
   = note: this error originates in the derive macro `Immutable` (in Nightly builds, run with -Z macro-backtrace for more info)

error[E0277]: the trait bound `NotTryFromBytes: TryFromBytes` is not satisfied
   --> $DIR/enum.rs:104:10
    |
104 | #[derive(TryFromBytes)]
    |          ^^^^^^^^^^^^ the trait `TryFromBytes` is not implemented for `NotTryFromBytes`
    |
    = help: see issue #48214
    = note: this error originates in the derive macro `TryFromBytes` (in Nightly builds, run with -Z macro-backtrace for more info)

error[E0277]: the trait bound `NotFromZeros: TryFromBytes` is not satisfied
   --> $DIR/enum.rs:162:10
    |
162 | #[derive(FromZeros)]
    |          ^^^^^^^^^ the trait `TryFromBytes` is not implemented for `NotFromZeros`
    |
    = help: see issue #48214
    = note: this error originates in the derive macro `FromZeros` (in Nightly builds, run with -Z macro-backtrace for more info)

error[E0277]: the trait bound `NotFromZeros: FromZeros` is not satisfied
   --> $DIR/enum.rs:162:10
    |
162 | #[derive(FromZeros)]
    |          ^^^^^^^^^ the trait `FromZeros` is not implemented for `NotFromZeros`
    |
    = help: see issue #48214
    = note: this error originates in the derive macro `FromZeros` (in Nightly builds, run with -Z macro-backtrace for more info)

error[E0277]: the trait bound `bool: FromBytes` is not satisfied
   --> $DIR/enum.rs:247:10
    |
247 | #[derive(FromBytes)]
    |          ^^^^^^^^^ the trait `FromBytes` is not implemented for `bool`
    |
    = help: see issue #48214
    = note: this error originates in the derive macro `FromBytes` (in Nightly builds, run with -Z macro-backtrace for more info)

error[E0277]: the trait bound `(): PaddingFree<IntoBytes1, 1_usize>` is not satisfied
   --> $DIR/enum.rs:623:10
    |
623 | #[derive(IntoBytes)]
    |          ^^^^^^^^^ the trait `PaddingFree<IntoBytes1, 1_usize>` is not implemented for `()`
    |
    = help: the following implementations were found:
              <() as PaddingFree<T, 0_usize>>
    = help: see issue #48214
    = note: this error originates in the derive macro `IntoBytes` (in Nightly builds, run with -Z macro-backtrace for more info)

error[E0277]: the trait bound `(): PaddingFree<IntoBytes2, 3_usize>` is not satisfied
   --> $DIR/enum.rs:638:10
    |
638 | #[derive(IntoBytes)]
    |          ^^^^^^^^^ the trait `PaddingFree<IntoBytes2, 3_usize>` is not implemented for `()`
    |
    = help: the following implementations were found:
              <() as PaddingFree<T, 0_usize>>
    = help: see issue #48214
    = note: this error originates in the derive macro `IntoBytes` (in Nightly builds, run with -Z macro-backtrace for more info)

error[E0277]: the trait bound `(): PaddingFree<IntoBytes3, 2_usize>` is not satisfied
   --> $DIR/enum.rs:647:10
    |
647 | #[derive(IntoBytes)]
    |          ^^^^^^^^^ the trait `PaddingFree<IntoBytes3, 2_usize>` is not implemented for `()`
    |
    = help: the following implementations were found:
              <() as PaddingFree<T, 0_usize>>
    = help: see issue #48214
    = note: this error originates in the derive macro `IntoBytes` (in Nightly builds, run with -Z macro-backtrace for more info)

error: generic `Self` types are currently not permitted in anonymous constants
   --> $DIR/enum.rs:671:10
    |
671 | #[derive(IntoBytes)]
    |          ^^^^^^^^^
    |
note: not a concrete type
   --> $DIR/enum.rs:671:10
    |
671 | #[derive(IntoBytes)]
    |          ^^^^^^^^^
    = note: this error originates in the derive macro `IntoBytes` (in Nightly builds, run with -Z macro-backtrace for more info)

error: aborting due to 51 previous errors

Some errors have detailed explanations: E0277, E0552, E0565, E0566, E0658.
For more information about an error, try `rustc --explain E0277`.
